

================================================================
== Vivado HLS Report for 'Sobel'
================================================================
* Date:           Tue Jan 21 09:50:12 2025

* Version:        2018.3 (Build 2405991 on Thu Dec 06 23:56:15 MST 2018)
* Project:        filterSobel
* Solution:       solution1
* Product family: zynq
* Target device:  xc7z045ffg900-2


================================================================
== Performance Estimates
================================================================
+ Timing (ns): 
    * Summary: 
    +--------+-------+----------+------------+
    |  Clock | Target| Estimated| Uncertainty|
    +--------+-------+----------+------------+
    |ap_clk  |  10.00|    10.107|        1.25|
    +--------+-------+----------+------------+

+ Latency (clock cycles): 
    * Summary: 
    +-------+-------+-------+-------+---------+
    |    Latency    |    Interval   | Pipeline|
    |  min  |  max  |  min  |  max  |   Type  |
    +-------+-------+-------+-------+---------+
    |  52666|  52666|  52666|  52666|   none  |
    +-------+-------+-------+-------+---------+

    + Detail: 
        * Instance: 
        +--------------------+----------+-------+-------+-------+-------+---------+
        |                    |          |    Latency    |    Interval   | Pipeline|
        |      Instance      |  Module  |  min  |  max  |  min  |  max  |   Type  |
        +--------------------+----------+-------+-------+-------+-------+---------+
        |grp_Filter2D_fu_52  |Filter2D  |  52665|  52665|  52665|  52665|   none  |
        +--------------------+----------+-------+-------+-------+-------+---------+

        * Loop: 
        N/A



================================================================
== Utilization Estimates
================================================================
* Summary: 
+-----------------+---------+-------+--------+--------+
|       Name      | BRAM_18K| DSP48E|   FF   |   LUT  |
+-----------------+---------+-------+--------+--------+
|DSP              |        -|      -|       -|       -|
|Expression       |        -|      -|       0|       1|
|FIFO             |        -|      -|       -|       -|
|Instance         |        3|      2|     429|     734|
|Memory           |        -|      -|       -|       -|
|Multiplexer      |        -|      -|       -|      12|
|Register         |        -|      -|       4|       -|
+-----------------+---------+-------+--------+--------+
|Total            |        3|      2|     433|     747|
+-----------------+---------+-------+--------+--------+
|Available        |     1090|    900|  437200|  218600|
+-----------------+---------+-------+--------+--------+
|Utilization (%)  |    ~0   |   ~0  |   ~0   |   ~0   |
+-----------------+---------+-------+--------+--------+

+ Detail: 
    * Instance: 
    +--------------------+----------+---------+-------+-----+-----+
    |      Instance      |  Module  | BRAM_18K| DSP48E|  FF | LUT |
    +--------------------+----------+---------+-------+-----+-----+
    |grp_Filter2D_fu_52  |Filter2D  |        3|      2|  429|  734|
    +--------------------+----------+---------+-------+-----+-----+
    |Total               |          |        3|      2|  429|  734|
    +--------------------+----------+---------+-------+-----+-----+

    * DSP48: 
    N/A

    * Memory: 
    N/A

    * FIFO: 
    N/A

    * Expression: 
    +-----------------+----------+-------+---+----+------------+------------+
    |  Variable Name  | Operation| DSP48E| FF| LUT| Bitwidth P0| Bitwidth P1|
    +-----------------+----------+-------+---+----+------------+------------+
    |ap_block_state1  |    or    |      0|  0|   1|           1|           1|
    +-----------------+----------+-------+---+----+------------+------------+
    |Total            |          |      0|  0|   1|           1|           1|
    +-----------------+----------+-------+---+----+------------+------------+

    * Multiplexer: 
    +---------------------------+----+-----------+-----+-----------+
    |            Name           | LUT| Input Size| Bits| Total Bits|
    +---------------------------+----+-----------+-----+-----------+
    |ap_NS_fsm                  |   3|          3|    1|          3|
    |ap_done                    |   3|          2|    1|          2|
    |p_dst_data_stream_V_write  |   3|          2|    1|          2|
    |p_src_data_stream_V_read   |   3|          2|    1|          2|
    +---------------------------+----+-----------+-----+-----------+
    |Total                      |  12|          9|    4|          9|
    +---------------------------+----+-----------+-----+-----------+

    * Register: 
    +---------------------------------+---+----+-----+-----------+
    |               Name              | FF| LUT| Bits| Const Bits|
    +---------------------------------+---+----+-----+-----------+
    |ap_CS_fsm                        |  2|   0|    2|          0|
    |ap_done_reg                      |  1|   0|    1|          0|
    |grp_Filter2D_fu_52_ap_start_reg  |  1|   0|    1|          0|
    +---------------------------------+---+----+-----+-----------+
    |Total                            |  4|   0|    4|          0|
    +---------------------------------+---+----+-----+-----------+



================================================================
== Interface
================================================================
* Summary: 
+-----------------------------+-----+-----+------------+---------------------+--------------+
|          RTL Ports          | Dir | Bits|  Protocol  |    Source Object    |    C Type    |
+-----------------------------+-----+-----+------------+---------------------+--------------+
|ap_clk                       |  in |    1| ap_ctrl_hs |        Sobel        | return value |
|ap_rst                       |  in |    1| ap_ctrl_hs |        Sobel        | return value |
|ap_start                     |  in |    1| ap_ctrl_hs |        Sobel        | return value |
|ap_done                      | out |    1| ap_ctrl_hs |        Sobel        | return value |
|ap_continue                  |  in |    1| ap_ctrl_hs |        Sobel        | return value |
|ap_idle                      | out |    1| ap_ctrl_hs |        Sobel        | return value |
|ap_ready                     | out |    1| ap_ctrl_hs |        Sobel        | return value |
|p_src_data_stream_V_dout     |  in |    8|   ap_fifo  | p_src_data_stream_V |    pointer   |
|p_src_data_stream_V_empty_n  |  in |    1|   ap_fifo  | p_src_data_stream_V |    pointer   |
|p_src_data_stream_V_read     | out |    1|   ap_fifo  | p_src_data_stream_V |    pointer   |
|p_dst_data_stream_V_din      | out |    8|   ap_fifo  | p_dst_data_stream_V |    pointer   |
|p_dst_data_stream_V_full_n   |  in |    1|   ap_fifo  | p_dst_data_stream_V |    pointer   |
|p_dst_data_stream_V_write    | out |    1|   ap_fifo  | p_dst_data_stream_V |    pointer   |
+-----------------------------+-----+-----+------------+---------------------+--------------+

